Using pre-set license
Built from '2022.3/release' branch; Version is '2022.3.20f1 (61c2feb0970d) revision 6406910'; Using compiler version '192829333'; Build Type 'Release'
OS: 'Windows 11  (10.0.22631) 64bit Core' Language: 'en' Physical Memory: 15715 MB
BatchMode: 1, IsHumanControllingUs: 0, StartBugReporterOnCrash: 0, Is64bit: 1, IsPro: 1

COMMAND LINE ARGUMENTS:
C:\Program Files\Unity\Hub\Editor\2022.3.20f1\Editor\Unity.exe
-adb2
-batchMode
-noUpm
-name
AssetImportWorker0
-projectPath
C:/Users/torbj/Documents/GitHub/STL2-Crab-Game/STL2 Crab Game
-logFile
Logs/AssetImportWorker0.log
-srvPort
61573
Successfully changed project path to: C:/Users/torbj/Documents/GitHub/STL2-Crab-Game/STL2 Crab Game
C:/Users/torbj/Documents/GitHub/STL2-Crab-Game/STL2 Crab Game
[UnityMemory] Configuration Parameters - Can be set up in boot.config
    "memorysetup-bucket-allocator-granularity=16"
    "memorysetup-bucket-allocator-bucket-count=8"
    "memorysetup-bucket-allocator-block-size=33554432"
    "memorysetup-bucket-allocator-block-count=8"
    "memorysetup-main-allocator-block-size=16777216"
    "memorysetup-thread-allocator-block-size=16777216"
    "memorysetup-gfx-main-allocator-block-size=16777216"
    "memorysetup-gfx-thread-allocator-block-size=16777216"
    "memorysetup-cache-allocator-block-size=4194304"
    "memorysetup-typetree-allocator-block-size=2097152"
    "memorysetup-profiler-bucket-allocator-granularity=16"
    "memorysetup-profiler-bucket-allocator-bucket-count=8"
    "memorysetup-profiler-bucket-allocator-block-size=33554432"
    "memorysetup-profiler-bucket-allocator-block-count=8"
    "memorysetup-profiler-allocator-block-size=16777216"
    "memorysetup-profiler-editor-allocator-block-size=1048576"
    "memorysetup-temp-allocator-size-main=16777216"
    "memorysetup-job-temp-allocator-block-size=2097152"
    "memorysetup-job-temp-allocator-block-size-background=1048576"
    "memorysetup-job-temp-allocator-reduction-small-platforms=262144"
    "memorysetup-allocator-temp-initial-block-size-main=262144"
    "memorysetup-allocator-temp-initial-block-size-worker=262144"
    "memorysetup-temp-allocator-size-background-worker=32768"
    "memorysetup-temp-allocator-size-job-worker=262144"
    "memorysetup-temp-allocator-size-preload-manager=33554432"
    "memorysetup-temp-allocator-size-nav-mesh-worker=65536"
    "memorysetup-temp-allocator-size-audio-worker=65536"
    "memorysetup-temp-allocator-size-cloud-worker=32768"
    "memorysetup-temp-allocator-size-gi-baking-worker=262144"
    "memorysetup-temp-allocator-size-gfx=262144"
Player connection [2716] Host "[IP] 192.168.0.228 [Port] 0 [Flags] 2 [Guid] 686034792 [EditorId] 686034792 [Version] 1048832 [Id] WindowsEditor(7,LAPTOP-L3DKBFO4) [Debug] 1 [PackageName] WindowsEditor [ProjectName] Editor" joined multi-casting on [225.0.0.222:54997]...

Player connection [2716] Host "[IP] 192.168.0.228 [Port] 0 [Flags] 2 [Guid] 686034792 [EditorId] 686034792 [Version] 1048832 [Id] WindowsEditor(7,LAPTOP-L3DKBFO4) [Debug] 1 [PackageName] WindowsEditor [ProjectName] Editor" joined alternative multi-casting on [225.0.0.222:34997]...

[Physics::Module] Initialized MultithreadedJobDispatcher with 11 workers.
Default GameObject BitMask: Water already registered
Refreshing native plugins compatible for Editor in 9.77 ms, found 3 plugins.
Preloading 0 native plugins for Editor in 0.00 ms.
Initialize engine version: 2022.3.20f1 (61c2feb0970d)
[Subsystems] Discovering subsystems at path C:/Program Files/Unity/Hub/Editor/2022.3.20f1/Editor/Data/Resources/UnitySubsystems
[Subsystems] Discovering subsystems at path C:/Users/torbj/Documents/GitHub/STL2-Crab-Game/STL2 Crab Game/Assets
GfxDevice: creating device client; threaded=0; jobified=0
Direct3D:
    Version:  Direct3D 11.0 [level 11.1]
    Renderer: NVIDIA GeForce RTX 3060 Laptop GPU (ID=0x2520)
    Vendor:   NVIDIA
    VRAM:     6010 MB
    Driver:   31.0.15.4680
Initialize mono
Mono path[0] = 'C:/Program Files/Unity/Hub/Editor/2022.3.20f1/Editor/Data/Managed'
Mono path[1] = 'C:/Program Files/Unity/Hub/Editor/2022.3.20f1/Editor/Data/MonoBleedingEdge/lib/mono/unityjit-win32'
Mono config path = 'C:/Program Files/Unity/Hub/Editor/2022.3.20f1/Editor/Data/MonoBleedingEdge/etc'
Using monoOptions --debugger-agent=transport=dt_socket,embedding=1,server=y,suspend=n,address=127.0.0.1:56580
Begin MonoManager ReloadAssembly
Registering precompiled unity dll's ...
Register platform support module: C:/Program Files/Unity/Hub/Editor/2022.3.20f1/Editor/Data/PlaybackEngines/WebGLSupport/UnityEditor.WebGL.Extensions.dll
Register platform support module: C:/Program Files/Unity/Hub/Editor/2022.3.20f1/Editor/Data/PlaybackEngines/WindowsStandaloneSupport/UnityEditor.WindowsStandalone.Extensions.dll
Registered in 0.008050 seconds.
- Loaded All Assemblies, in  0.358 seconds
Native extension for WindowsStandalone target not found
Native extension for WebGL target not found
Mono: successfully reloaded assembly
- Finished resetting the current domain, in  0.308 seconds
Domain Reload Profiling: 664ms
	BeginReloadAssembly (115ms)
		ExecutionOrderSort (0ms)
		DisableScriptedObjects (0ms)
		BackupInstance (0ms)
		ReleaseScriptingObjects (0ms)
		CreateAndSetChildDomain (1ms)
	RebuildCommonClasses (31ms)
	RebuildNativeTypeToScriptingClass (9ms)
	initialDomainReloadingComplete (62ms)
	LoadAllAssembliesAndSetupDomain (139ms)
		LoadAssemblies (113ms)
		RebuildTransferFunctionScriptingTraits (0ms)
		AnalyzeDomain (136ms)
			TypeCache.Refresh (135ms)
				TypeCache.ScanAssembly (121ms)
			ScanForSourceGeneratedMonoScriptInfo (0ms)
			ResolveRequiredComponents (1ms)
	FinalizeReload (308ms)
		ReleaseScriptCaches (0ms)
		RebuildScriptCaches (0ms)
		SetupLoadedEditorAssemblies (248ms)
			LogAssemblyErrors (0ms)
			InitializePlatformSupportModulesInManaged (13ms)
			SetLoadedEditorAssemblies (7ms)
			RefreshPlugins (0ms)
			BeforeProcessingInitializeOnLoad (3ms)
			ProcessInitializeOnLoadAttributes (172ms)
			ProcessInitializeOnLoadMethodAttributes (52ms)
			AfterProcessingInitializeOnLoad (0ms)
			EditorAssembliesLoaded (0ms)
		ExecutionOrderSort2 (0ms)
		AwakeInstancesAfterBackupRestoration (0ms)
========================================================================
Worker process is ready to serve import requests
Begin MonoManager ReloadAssembly
- Loaded All Assemblies, in  0.653 seconds
Refreshing native plugins compatible for Editor in 3.98 ms, found 3 plugins.
Native extension for WindowsStandalone target not found
Native extension for WebGL target not found
Package Manager log level set to [2]
[Package Manager] Server::EnsureServerProcessIsRunning -- launch failed, reason: Unity was launched with the -noUpm command-line argument
[Package Manager] UpmClient::Send -- Unable to send message (not connected to UPM process).
[Package Manager] Cannot connect to Unity Package Manager local server
Mono: successfully reloaded assembly
- Finished resetting the current domain, in  0.851 seconds
Domain Reload Profiling: 1501ms
	BeginReloadAssembly (159ms)
		ExecutionOrderSort (0ms)
		DisableScriptedObjects (5ms)
		BackupInstance (0ms)
		ReleaseScriptingObjects (0ms)
		CreateAndSetChildDomain (25ms)
	RebuildCommonClasses (31ms)
	RebuildNativeTypeToScriptingClass (10ms)
	initialDomainReloadingComplete (44ms)
	LoadAllAssembliesAndSetupDomain (405ms)
		LoadAssemblies (318ms)
		RebuildTransferFunctionScriptingTraits (0ms)
		AnalyzeDomain (182ms)
			TypeCache.Refresh (160ms)
				TypeCache.ScanAssembly (146ms)
			ScanForSourceGeneratedMonoScriptInfo (16ms)
			ResolveRequiredComponents (4ms)
	FinalizeReload (851ms)
		ReleaseScriptCaches (0ms)
		RebuildScriptCaches (0ms)
		SetupLoadedEditorAssemblies (691ms)
			LogAssemblyErrors (0ms)
			InitializePlatformSupportModulesInManaged (8ms)
			SetLoadedEditorAssemblies (4ms)
			RefreshPlugins (0ms)
			BeforeProcessingInitializeOnLoad (72ms)
			ProcessInitializeOnLoadAttributes (576ms)
			ProcessInitializeOnLoadMethodAttributes (19ms)
			AfterProcessingInitializeOnLoad (11ms)
			EditorAssembliesLoaded (0ms)
		ExecutionOrderSort2 (0ms)
		AwakeInstancesAfterBackupRestoration (7ms)
Default GameObject BitMask: Water already registered
Launched and connected shader compiler UnityShaderCompiler.exe after 0.06 seconds
Refreshing native plugins compatible for Editor in 7.52 ms, found 3 plugins.
Preloading 0 native plugins for Editor in 0.00 ms.
Unloading 3641 Unused Serialized files (Serialized files now loaded: 0)
Unloading 43 unused Assets / (347.4 KB). Loaded Objects now: 4131.
Memory consumption went from 172.9 MB to 172.5 MB.
Total: 6.282500 ms (FindLiveObjects: 0.491600 ms CreateObjectMapping: 0.163200 ms MarkObjects: 5.377400 ms  DeleteObjects: 0.248800 ms)

AssetImportParameters requested are different than current active one (requested -> active):
  custom:container-demuxer-ogg: 62fdf1f143b41e24485cea50d1cbac27 -> 
  custom:video-codec-MediaFoundation-h265: 746d11721c4dcdbdad8f713fa42b33f4 -> 
  custom:video-decoder-ogg-theora: a1e56fd34408186e4bbccfd4996cb3dc -> 
  custom:framework-win-MediaFoundation: 216162199b28c13a410421893ffa2e32 -> 
  custom:CustomObjectIndexerAttribute: 6d391050e5a25f67b0a2c618074f2cd9 -> 
  custom:container-demuxer-webm: 4f35f7cbe854078d1ac9338744f61a02 -> 
  custom:container-muxer-webm: aa71ff27fc2769a1b78a27578f13a17b -> 
  custom:video-decoder-webm-vp8: 9c59270c3fd7afecdb556c50c9e8de78 -> 
  custom:SearchIndexIgnoredProperties: e643bd26f0fe6173181afceb89e7c659 -> 
  custom:AudioImporter_EditorPlatform: d09bf68614088b80899f8185d706f6e7 -> 
  custom:video-encoder-webm-vp8: eb34c28f22e8b96e1ab97ce403110664 -> 
  custom:audio-decoder-ogg-vorbis: bf7c407c2cedff20999df2af8eb42d56 -> 
  custom:audio-encoder-webm-vorbis: bf7c407c2cedff20999df2af8eb42d56 -> 
========================================================================
Received Import Request.
  Time since last request: 1665.366621 seconds.
  path: Assets/Scenes
  artifactKey: Guid(b0b4bb4ad06c150428cf4de5a581a476) Importer(815301076,1909f56bfc062723c751e8b465ee728b)
Start importing Assets/Scenes using Guid(b0b4bb4ad06c150428cf4de5a581a476) Importer(815301076,1909f56bfc062723c751e8b465ee728b)  -> (artifact id: '096664846eb05cc0f9b2e9e63f4b1739') in 0.004192 seconds
Number of updated asset objects reloaded before import = 0
Number of asset objects unloaded after import = 0
========================================================================
Received Import Request.
  Time since last request: 0.000036 seconds.
  path: Assets/Scripts
  artifactKey: Guid(60c9e6dd5e24e2f47a26f752bb22b617) Importer(815301076,1909f56bfc062723c751e8b465ee728b)
Start importing Assets/Scripts using Guid(60c9e6dd5e24e2f47a26f752bb22b617) Importer(815301076,1909f56bfc062723c751e8b465ee728b)  -> (artifact id: 'dc68adeffc441934e9da02ad583858c4') in 0.000727 seconds
Number of updated asset objects reloaded before import = 0
Number of asset objects unloaded after import = 0
========================================================================
Received Import Request.
  Time since last request: 4.330697 seconds.
  path: Assets/Prefabs
  artifactKey: Guid(be90890bc81f23f4aba9a149e0a45845) Importer(815301076,1909f56bfc062723c751e8b465ee728b)
Start importing Assets/Prefabs using Guid(be90890bc81f23f4aba9a149e0a45845) Importer(815301076,1909f56bfc062723c751e8b465ee728b)  -> (artifact id: '24c1d872b839e59caa9b47d6333033ab') in 0.000463 seconds
Number of updated asset objects reloaded before import = 0
Number of asset objects unloaded after import = 0
========================================================================
Received Import Request.
  Time since last request: 8.555703 seconds.
  path: Assets/Objects/FBX
  artifactKey: Guid(d98789aec4d335442bbdf822093f58a4) Importer(815301076,1909f56bfc062723c751e8b465ee728b)
Start importing Assets/Objects/FBX using Guid(d98789aec4d335442bbdf822093f58a4) Importer(815301076,1909f56bfc062723c751e8b465ee728b)  -> (artifact id: 'dec2a1d8d350c481d2b07ae9848c0743') in 0.000469 seconds
Number of updated asset objects reloaded before import = 0
Number of asset objects unloaded after import = 0
========================================================================
Received Import Request.
  Time since last request: 3.481834 seconds.
  path: Assets/Objects/Crab
  artifactKey: Guid(d4ada794c6c01fe4a82cf2590209f0a4) Importer(815301076,1909f56bfc062723c751e8b465ee728b)
Start importing Assets/Objects/Crab using Guid(d4ada794c6c01fe4a82cf2590209f0a4) Importer(815301076,1909f56bfc062723c751e8b465ee728b)  -> (artifact id: '59137f38863307d46745044613a2450f') in 0.000449 seconds
Number of updated asset objects reloaded before import = 0
Number of asset objects unloaded after import = 0
========================================================================
Received Import Request.
  Time since last request: 11.197406 seconds.
  path: Assets/Objects/Crab/CrabDance.fbx
  artifactKey: Guid(5a596b7c93dbc6b4e86208e97ff17db3) Importer(815301076,1909f56bfc062723c751e8b465ee728b)
Start importing Assets/Objects/Crab/CrabDance.fbx using Guid(5a596b7c93dbc6b4e86208e97ff17db3) Importer(815301076,1909f56bfc062723c751e8b465ee728b)  -> (artifact id: 'e355f47f4f51d18576526a80a4bea3f5') in 0.223820 seconds
Number of updated asset objects reloaded before import = 0
Number of asset objects unloaded after import = 167
========================================================================
Received Import Request.
  Time since last request: 409.939115 seconds.
  path: Assets/Imported packages/Trash Pack Low Poly/Battery1.FBX
  artifactKey: Guid(eef823a0d743d8942b54d878cc992b37) Importer(815301076,1909f56bfc062723c751e8b465ee728b)
Start importing Assets/Imported packages/Trash Pack Low Poly/Battery1.FBX using Guid(eef823a0d743d8942b54d878cc992b37) Importer(815301076,1909f56bfc062723c751e8b465ee728b)  -> (artifact id: '63e8e794373d60f5f19411990aab50db') in 0.044711 seconds
Number of updated asset objects reloaded before import = 0
Number of asset objects unloaded after import = 11
========================================================================
Received Import Request.
  Time since last request: 0.000017 seconds.
  path: Assets/Imported packages/Trash Pack Low Poly/Bottle4.FBX
  artifactKey: Guid(c508bee724909024ebabc106ffc525ee) Importer(815301076,1909f56bfc062723c751e8b465ee728b)
Start importing Assets/Imported packages/Trash Pack Low Poly/Bottle4.FBX using Guid(c508bee724909024ebabc106ffc525ee) Importer(815301076,1909f56bfc062723c751e8b465ee728b)  -> (artifact id: 'ccdba3c1a4db151957eeaed929b54ee5') in 0.039945 seconds
Number of updated asset objects reloaded before import = 0
Number of asset objects unloaded after import = 11
========================================================================
Received Import Request.
  Time since last request: 0.000017 seconds.
  path: Assets/Imported packages/Trash Pack Low Poly/BottleOfWater.FBX
  artifactKey: Guid(bfe4bd7ca2c7a254dbc9bcd23bb71cbe) Importer(815301076,1909f56bfc062723c751e8b465ee728b)
Start importing Assets/Imported packages/Trash Pack Low Poly/BottleOfWater.FBX using Guid(bfe4bd7ca2c7a254dbc9bcd23bb71cbe) Importer(815301076,1909f56bfc062723c751e8b465ee728b)  -> (artifact id: '90fa00a7a5a4d14fcfd5926f77f9339e') in 0.024892 seconds
Number of updated asset objects reloaded before import = 0
Number of asset objects unloaded after import = 11
========================================================================
Received Import Request.
  Time since last request: 0.000016 seconds.
  path: Assets/Imported packages/Trash Pack Low Poly/Bottle2.FBX
  artifactKey: Guid(600f6467914f8fb48926d853668a1ce5) Importer(815301076,1909f56bfc062723c751e8b465ee728b)
Start importing Assets/Imported packages/Trash Pack Low Poly/Bottle2.FBX using Guid(600f6467914f8fb48926d853668a1ce5) Importer(815301076,1909f56bfc062723c751e8b465ee728b)  -> (artifact id: 'd6a1d4abe70545717466550a3efa5422') in 0.037900 seconds
Number of updated asset objects reloaded before import = 0
Number of asset objects unloaded after import = 10
========================================================================
Received Import Request.
  Time since last request: 0.000019 seconds.
  path: Assets/Imported packages/Trash Pack Low Poly/BottleOfBeer.FBX
  artifactKey: Guid(e41b4f9459c489a4596e740b61a3dcf1) Importer(815301076,1909f56bfc062723c751e8b465ee728b)
Start importing Assets/Imported packages/Trash Pack Low Poly/BottleOfBeer.FBX using Guid(e41b4f9459c489a4596e740b61a3dcf1) Importer(815301076,1909f56bfc062723c751e8b465ee728b)  -> (artifact id: '713523b0058fcbc7bed85b06efe56eed') in 0.036845 seconds
Number of updated asset objects reloaded before import = 0
Number of asset objects unloaded after import = 11
========================================================================
Received Import Request.
  Time since last request: 0.000029 seconds.
  path: Assets/Imported packages/Trash Pack Low Poly/Bottle3.FBX
  artifactKey: Guid(cfd21ef8050231440a7ccd68a5517483) Importer(815301076,1909f56bfc062723c751e8b465ee728b)
Start importing Assets/Imported packages/Trash Pack Low Poly/Bottle3.FBX using Guid(cfd21ef8050231440a7ccd68a5517483) Importer(815301076,1909f56bfc062723c751e8b465ee728b)  -> (artifact id: 'f953988cc9d34d6be1bed108491e7595') in 0.022663 seconds
Number of updated asset objects reloaded before import = 0
Number of asset objects unloaded after import = 11
========================================================================
Received Import Request.
  Time since last request: 2.414537 seconds.
  path: Assets/Imported packages/Trash Pack Low Poly/Brick2.FBX
  artifactKey: Guid(9972094f27e0e794a81edfda44d34e38) Importer(815301076,1909f56bfc062723c751e8b465ee728b)
Start importing Assets/Imported packages/Trash Pack Low Poly/Brick2.FBX using Guid(9972094f27e0e794a81edfda44d34e38) Importer(815301076,1909f56bfc062723c751e8b465ee728b)  -> (artifact id: 'd5bf1ae7a625c4147239bb961d3c8500') in 0.031765 seconds
Number of updated asset objects reloaded before import = 0
Number of asset objects unloaded after import = 10
========================================================================
Received Import Request.
  Time since last request: 0.384458 seconds.
  path: Assets/Imported packages/LB3D/CrabMonster/Models/crab-monster.fbx
  artifactKey: Guid(5779b1a41ccf45b45bfc238034373133) Importer(815301076,1909f56bfc062723c751e8b465ee728b)
Start importing Assets/Imported packages/LB3D/CrabMonster/Models/crab-monster.fbx using Guid(5779b1a41ccf45b45bfc238034373133) Importer(815301076,1909f56bfc062723c751e8b465ee728b)  -> (artifact id: '42b75acd5a84d833a6074c39322c4c12') in 0.452082 seconds
Number of updated asset objects reloaded before import = 0
Number of asset objects unloaded after import = 307
========================================================================
Received Import Request.
  Time since last request: 0.143679 seconds.
  path: Assets/Imported packages/Trash Pack Low Poly/PlasticCoup.FBX
  artifactKey: Guid(faed0e6ed186b9b479ddef4ff61a5f80) Importer(815301076,1909f56bfc062723c751e8b465ee728b)
Start importing Assets/Imported packages/Trash Pack Low Poly/PlasticCoup.FBX using Guid(faed0e6ed186b9b479ddef4ff61a5f80) Importer(815301076,1909f56bfc062723c751e8b465ee728b)  -> (artifact id: 'd50eee08d545ad2524eb6eadbb6b61c9') in 0.017796 seconds
Number of updated asset objects reloaded before import = 0
Number of asset objects unloaded after import = 10
========================================================================
Received Import Request.
  Time since last request: 0.093278 seconds.
  path: Assets/Imported packages/Trash Pack Low Poly/ToiletPaper1.FBX
  artifactKey: Guid(1acaaf86318fa854d91d6b1aab1551cb) Importer(815301076,1909f56bfc062723c751e8b465ee728b)
Start importing Assets/Imported packages/Trash Pack Low Poly/ToiletPaper1.FBX using Guid(1acaaf86318fa854d91d6b1aab1551cb) Importer(815301076,1909f56bfc062723c751e8b465ee728b)  -> (artifact id: 'bad3838b22229fbae1950042f2c2746e') in 0.019079 seconds
Number of updated asset objects reloaded before import = 0
Number of asset objects unloaded after import = 11
========================================================================
Received Import Request.
  Time since last request: 0.000015 seconds.
  path: Assets/Imported packages/Trash Pack Low Poly/Trashcan2.FBX
  artifactKey: Guid(b8da0da0496258844a68c4759e5442e4) Importer(815301076,1909f56bfc062723c751e8b465ee728b)
Start importing Assets/Imported packages/Trash Pack Low Poly/Trashcan2.FBX using Guid(b8da0da0496258844a68c4759e5442e4) Importer(815301076,1909f56bfc062723c751e8b465ee728b)  -> (artifact id: '2e526c14a02e59997b3959321f5a5fed') in 0.019533 seconds
Number of updated asset objects reloaded before import = 0
Number of asset objects unloaded after import = 12
========================================================================
Received Import Request.
  Time since last request: 0.405460 seconds.
  path: Assets/Imported packages/Trash Pack Low Poly/Trashcan3.FBX
  artifactKey: Guid(fedbd75f24167ac4390debcecd50ccbe) Importer(815301076,1909f56bfc062723c751e8b465ee728b)
Start importing Assets/Imported packages/Trash Pack Low Poly/Trashcan3.FBX using Guid(fedbd75f24167ac4390debcecd50ccbe) Importer(815301076,1909f56bfc062723c751e8b465ee728b)  -> (artifact id: '7db4de5be831daa3dd64a5a2baf08dec') in 0.071889 seconds
Number of updated asset objects reloaded before import = 0
Number of asset objects unloaded after import = 55
========================================================================
Received Import Request.
  Time since last request: 50.257882 seconds.
  path: Assets/Objects/Crab/Armature.controller
  artifactKey: Guid(ba6847eb98a2e4345808357cc548c057) Importer(815301076,1909f56bfc062723c751e8b465ee728b)
Start importing Assets/Objects/Crab/Armature.controller using Guid(ba6847eb98a2e4345808357cc548c057) Importer(815301076,1909f56bfc062723c751e8b465ee728b)  -> (artifact id: '7ea9d9509ac13d4057dcfe40b395dd21') in 0.002715 seconds
Number of updated asset objects reloaded before import = 0
Number of asset objects unloaded after import = 4
========================================================================
Received Import Request.
  Time since last request: 86.868305 seconds.
  path: Assets/Objects/Crab/Armature_002.controller
  artifactKey: Guid(10a3c6178028db14181603d18b37df76) Importer(815301076,1909f56bfc062723c751e8b465ee728b)
Start importing Assets/Objects/Crab/Armature_002.controller using Guid(10a3c6178028db14181603d18b37df76) Importer(815301076,1909f56bfc062723c751e8b465ee728b)  -> (artifact id: 'e0afad329183c752e013da5a203081e0') in 0.001520 seconds
Number of updated asset objects reloaded before import = 0
Number of asset objects unloaded after import = 4
